SF:lib\bloc\reward\reward_bloc.dart
DA:6,9
DA:8,6
DA:9,6
DA:10,12
DA:13,6
DA:14,6
DA:16,3
DA:17,3
DA:23,5
DA:24,8
DA:25,8
DA:26,4
DA:28,4
DA:29,4
DA:35,3
DA:36,0
DA:37,0
DA:38,0
DA:39,0
DA:40,0
DA:41,0
DA:47,3
DA:48,0
DA:49,0
DA:50,0
LF:25
LH:16
end_of_record
SF:lib\bloc\reward\reward_event.dart
DA:5,3
DA:10,2
LF:2
LH:2
end_of_record
SF:lib\bloc\reward\reward_state.dart
DA:6,3
DA:9,3
DA:10,9
DA:13,1
DA:14,2
DA:15,2
DA:19,0
DA:20,0
DA:23,0
DA:24,0
DA:27,0
DA:32,0
DA:33,0
DA:34,0
DA:38,3
DA:39,3
DA:40,3
DA:41,3
DA:42,12
DA:48,3
DA:49,3
DA:53,3
DA:54,3
LF:23
LH:15
end_of_record
